2022-05-08 07:26:21 DEBUG TestBase:49 - started executing the @BeforeSuite
2022-05-08 07:26:21 INFO  TestBase:32 - Create Object for Properties class
2022-05-08 07:26:21 INFO  TestBase:34 - Read the properties file
2022-05-08 07:26:21 INFO  TestBase:51 - i am launching the browser:chrome
2022-05-08 07:26:29 INFO  TestBase:66 - maxmize the window
2022-05-08 07:26:29 INFO  TestBase:69 - add implicitwait
2022-05-08 07:26:29 INFO  TestBase:71 - create object for WebDriverWait class
2022-05-08 07:26:29 INFO  TestBase:32 - Create Object for Properties class
2022-05-08 07:26:29 INFO  TestBase:34 - Read the properties file
2022-05-08 07:26:29 INFO  TestBase:73 - launch the application url:https://linkedin.com
2022-05-08 07:26:29 INFO  TestBase:32 - Create Object for Properties class
2022-05-08 07:26:29 INFO  TestBase:34 - Read the properties file
2022-05-08 07:26:31 DEBUG SearchDatadrivenTest:58 - initilize all the page classes
2022-05-08 07:26:31 DEBUG SearchDatadrivenTest:29 - Started executing the doLoginTest()...
2022-05-08 07:26:31 DEBUG LinkedinHomePage:42 - Verify the linkedin home page title:LinkedIn: Log In or Sign Up
2022-05-08 07:26:31 DEBUG LinkedinHomePage:54 - wait and verify the linkedin logo
2022-05-08 07:26:32 DEBUG LinkedinHomePage:66 - clickin on signin link
2022-05-08 07:26:32 DEBUG BasePageWeb:42 - wait for the element to be clickable or not
2022-05-08 07:26:32 DEBUG BasePageWeb:45 - click on the given element
2022-05-08 07:26:35 DEBUG LinkedinHomePage:48 - Verify the linkedin home page title:LinkedIn Login, Sign in | LinkedIn
2022-05-08 07:26:35 DEBUG LinkedinHomePage:60 - wait and verify the linkedin signin header text
2022-05-08 07:26:35 INFO  TestBase:32 - Create Object for Properties class
2022-05-08 07:26:35 INFO  TestBase:34 - Read the properties file
2022-05-08 07:26:35 INFO  TestBase:32 - Create Object for Properties class
2022-05-08 07:26:35 INFO  TestBase:34 - Read the properties file
2022-05-08 07:26:35 DEBUG LinkedinHomePage:76 - performing the login operation
2022-05-08 07:26:35 DEBUG LinkedinHomePage:77 - clear the content in username editbox
2022-05-08 07:26:35 DEBUG BasePageWeb:79 - wait for the element to be clickable or not
2022-05-08 07:26:35 DEBUG BasePageWeb:81 - clear the content in given editbox element
2022-05-08 07:26:36 DEBUG LinkedinHomePage:79 - type the rameshqaonline@gmail.com in emaileditbox
2022-05-08 07:26:36 DEBUG LinkedinHomePage:81 - clear the content in password editbox
2022-05-08 07:26:36 DEBUG BasePageWeb:79 - wait for the element to be clickable or not
2022-05-08 07:26:36 DEBUG BasePageWeb:81 - clear the content in given editbox element
2022-05-08 07:26:36 DEBUG LinkedinHomePage:83 - type the welcome123$ in passwordEditbox
2022-05-08 07:26:36 DEBUG LinkedinHomePage:71 - clickin on signin button
2022-05-08 07:26:36 DEBUG BasePageWeb:42 - wait for the element to be clickable or not
2022-05-08 07:26:36 DEBUG BasePageWeb:45 - click on the given element
2022-05-08 07:26:45 DEBUG LinkedinLoggedinPage:35 - Verify the linkedin loggedin page title:Feed | LinkedIn
2022-05-08 07:26:45 DEBUG ExcelUtils:29 - Specify the path of file :D:\eclipseworkspaceAug2018\HybridFrameworkApril302022\src\test\java\com\qa\linkedin\data\searchdata.xlsx
2022-05-08 07:26:45 DEBUG ExcelUtils:32 - read the file
2022-05-08 07:26:45 DEBUG ExcelUtils:34 - Load workbook
2022-05-08 07:26:48 DEBUG ExcelUtils:39 - fetch the row count
2022-05-08 07:26:48 DEBUG ExcelUtils:41 - number of rows in the excel sheet is-->5
2022-05-08 07:26:48 DEBUG ExcelUtils:43 - number of columns in the excel sheet is -->1
2022-05-08 07:26:48 DEBUG SearchDatadrivenTest:41 - started executin gthe searchTest for:ramesh
2022-05-08 07:26:48 DEBUG LinkedinLoggedinPage:42 - wait and verify the linkedin loggedin page profile railcard
2022-05-08 07:26:48 DEBUG LinkedinLoggedinPage:56 - Performing the people search for :ramesh
2022-05-08 07:26:48 DEBUG BasePageWeb:79 - wait for the element to be clickable or not
2022-05-08 07:26:49 DEBUG BasePageWeb:81 - clear the content in given editbox element
2022-05-08 07:26:49 DEBUG LinkedinLoggedinPage:58 - Type the search :ramesh in searcheditbox
2022-05-08 07:26:49 DEBUG LinkedinLoggedinPage:60 - Press the ENTER key
2022-05-08 07:26:53 DEBUG SearchResultsPage:31 - Verify the linkedin search results page title:Search | LinkedIn
2022-05-08 07:26:57 DEBUG SearchResultsPage:37 - wait and click on seeAllPeopleResultsLink
2022-05-08 07:26:57 DEBUG BasePageWeb:42 - wait for the element to be clickable or not
2022-05-08 07:26:57 DEBUG BasePageWeb:45 - click on the given element
2022-05-08 07:26:58 DEBUG SearchResultsPage:57 - fetch the results count text
2022-05-08 07:26:59 DEBUG SearchResultsPage:59 - Search results text is:About 295,000 results
2022-05-08 07:26:59 DEBUG SearchDatadrivenTest:46 - search results count for:ramesh is:295000
2022-05-08 07:26:59 DEBUG SearchResultsPage:41 - click on Home tab
2022-05-08 07:26:59 DEBUG BasePageWeb:42 - wait for the element to be clickable or not
2022-05-08 07:26:59 DEBUG BasePageWeb:45 - click on the given element
2022-05-08 07:26:59 DEBUG SearchDatadrivenTest:41 - started executin gthe searchTest for:Madhu
2022-05-08 07:26:59 DEBUG LinkedinLoggedinPage:42 - wait and verify the linkedin loggedin page profile railcard
2022-05-08 07:27:00 DEBUG LinkedinLoggedinPage:56 - Performing the people search for :Madhu
2022-05-08 07:27:00 DEBUG BasePageWeb:79 - wait for the element to be clickable or not
2022-05-08 07:27:00 DEBUG BasePageWeb:81 - clear the content in given editbox element
2022-05-08 07:27:00 DEBUG LinkedinLoggedinPage:58 - Type the search :Madhu in searcheditbox
2022-05-08 07:27:01 DEBUG LinkedinLoggedinPage:60 - Press the ENTER key
2022-05-08 07:27:04 DEBUG SearchResultsPage:31 - Verify the linkedin search results page title:Search | LinkedIn
2022-05-08 07:27:04 DEBUG SearchResultsPage:37 - wait and click on seeAllPeopleResultsLink
2022-05-08 07:27:04 DEBUG BasePageWeb:42 - wait for the element to be clickable or not
2022-05-08 07:27:04 DEBUG BasePageWeb:45 - click on the given element
2022-05-08 07:27:04 DEBUG SearchResultsPage:57 - fetch the results count text
2022-05-08 07:27:06 DEBUG SearchResultsPage:59 - Search results text is:About 106,000 results
2022-05-08 07:27:06 DEBUG SearchDatadrivenTest:46 - search results count for:Madhu is:106000
2022-05-08 07:27:06 DEBUG SearchResultsPage:41 - click on Home tab
2022-05-08 07:27:06 DEBUG BasePageWeb:42 - wait for the element to be clickable or not
2022-05-08 07:27:06 DEBUG BasePageWeb:45 - click on the given element
2022-05-08 07:27:06 DEBUG SearchDatadrivenTest:41 - started executin gthe searchTest for:Prasad
2022-05-08 07:27:06 DEBUG LinkedinLoggedinPage:42 - wait and verify the linkedin loggedin page profile railcard
2022-05-08 07:27:07 DEBUG LinkedinLoggedinPage:56 - Performing the people search for :Prasad
2022-05-08 07:27:07 DEBUG BasePageWeb:79 - wait for the element to be clickable or not
2022-05-08 07:27:07 DEBUG BasePageWeb:81 - clear the content in given editbox element
2022-05-08 07:27:07 DEBUG LinkedinLoggedinPage:58 - Type the search :Prasad in searcheditbox
2022-05-08 07:27:07 DEBUG LinkedinLoggedinPage:60 - Press the ENTER key
2022-05-08 07:27:10 DEBUG SearchResultsPage:31 - Verify the linkedin search results page title:Search | LinkedIn
2022-05-08 07:27:10 DEBUG SearchResultsPage:37 - wait and click on seeAllPeopleResultsLink
2022-05-08 07:27:10 DEBUG BasePageWeb:42 - wait for the element to be clickable or not
2022-05-08 07:27:10 DEBUG BasePageWeb:45 - click on the given element
2022-05-08 07:27:11 DEBUG SearchResultsPage:57 - fetch the results count text
2022-05-08 07:27:12 DEBUG SearchResultsPage:59 - Search results text is:About 422,000 results
2022-05-08 07:27:12 DEBUG SearchDatadrivenTest:46 - search results count for:Prasad is:422000
2022-05-08 07:27:12 DEBUG SearchResultsPage:41 - click on Home tab
2022-05-08 07:27:12 DEBUG BasePageWeb:42 - wait for the element to be clickable or not
2022-05-08 07:27:12 DEBUG BasePageWeb:45 - click on the given element
2022-05-08 07:27:12 DEBUG SearchDatadrivenTest:41 - started executin gthe searchTest for:Manikanta
2022-05-08 07:27:12 DEBUG LinkedinLoggedinPage:42 - wait and verify the linkedin loggedin page profile railcard
2022-05-08 07:27:14 DEBUG LinkedinLoggedinPage:56 - Performing the people search for :Manikanta
2022-05-08 07:27:14 DEBUG BasePageWeb:79 - wait for the element to be clickable or not
2022-05-08 07:27:14 DEBUG BasePageWeb:81 - clear the content in given editbox element
2022-05-08 07:27:14 DEBUG LinkedinLoggedinPage:58 - Type the search :Manikanta in searcheditbox
2022-05-08 07:27:14 DEBUG LinkedinLoggedinPage:60 - Press the ENTER key
2022-05-08 07:27:17 DEBUG SearchResultsPage:31 - Verify the linkedin search results page title:Search | LinkedIn
2022-05-08 07:27:17 DEBUG SearchResultsPage:37 - wait and click on seeAllPeopleResultsLink
2022-05-08 07:27:17 DEBUG BasePageWeb:42 - wait for the element to be clickable or not
2022-05-08 07:27:17 DEBUG BasePageWeb:45 - click on the given element
2022-05-08 07:27:18 DEBUG SearchResultsPage:57 - fetch the results count text
2022-05-08 07:27:19 DEBUG SearchResultsPage:59 - Search results text is:About 22,000 results
2022-05-08 07:27:19 DEBUG SearchDatadrivenTest:46 - search results count for:Manikanta is:22000
2022-05-08 07:27:19 DEBUG SearchResultsPage:41 - click on Home tab
2022-05-08 07:27:19 DEBUG BasePageWeb:42 - wait for the element to be clickable or not
2022-05-08 07:27:19 DEBUG BasePageWeb:45 - click on the given element
2022-05-08 07:27:19 DEBUG SearchDatadrivenTest:41 - started executin gthe searchTest for:Prasanna
2022-05-08 07:27:19 DEBUG LinkedinLoggedinPage:42 - wait and verify the linkedin loggedin page profile railcard
2022-05-08 07:27:20 DEBUG LinkedinLoggedinPage:56 - Performing the people search for :Prasanna
2022-05-08 07:27:20 DEBUG BasePageWeb:79 - wait for the element to be clickable or not
2022-05-08 07:27:20 DEBUG BasePageWeb:81 - clear the content in given editbox element
2022-05-08 07:27:20 DEBUG LinkedinLoggedinPage:58 - Type the search :Prasanna in searcheditbox
2022-05-08 07:27:20 DEBUG LinkedinLoggedinPage:60 - Press the ENTER key
2022-05-08 07:27:24 DEBUG SearchResultsPage:31 - Verify the linkedin search results page title:Search | LinkedIn
2022-05-08 07:27:24 DEBUG SearchResultsPage:37 - wait and click on seeAllPeopleResultsLink
2022-05-08 07:27:24 DEBUG BasePageWeb:42 - wait for the element to be clickable or not
2022-05-08 07:27:24 DEBUG BasePageWeb:45 - click on the given element
2022-05-08 07:27:24 DEBUG SearchResultsPage:57 - fetch the results count text
2022-05-08 07:27:25 DEBUG SearchResultsPage:59 - Search results text is:About 75,000 results
2022-05-08 07:27:25 DEBUG SearchDatadrivenTest:46 - search results count for:Prasanna is:75000
2022-05-08 07:27:25 DEBUG SearchResultsPage:41 - click on Home tab
2022-05-08 07:27:25 DEBUG BasePageWeb:42 - wait for the element to be clickable or not
2022-05-08 07:27:25 DEBUG BasePageWeb:45 - click on the given element
2022-05-08 07:27:26 DEBUG SearchDatadrivenTest:66 - started executing the signout action
2022-05-08 07:27:26 DEBUG LinkedinLoggedinPage:48 - Performing the doSignout action....
2022-05-08 07:27:26 DEBUG BasePageWeb:42 - wait for the element to be clickable or not
2022-05-08 07:27:26 DEBUG BasePageWeb:45 - click on the given element
2022-05-08 07:27:26 DEBUG LinkedinLoggedinPage:50 - click on Signout link
2022-05-08 07:27:26 DEBUG BasePageWeb:42 - wait for the element to be clickable or not
2022-05-08 07:27:26 DEBUG BasePageWeb:45 - click on the given element
2022-05-08 07:27:27 DEBUG cache:45 - Couldn't find template in cache for "v3html/v3-html-index.ftl"("en", UTF-8, parsed); will try to load it.
2022-05-08 07:27:27 DEBUG cache:45 - TemplateLoader.findTemplateSource("v3html/v3-html-index_en.ftl"): Not found
2022-05-08 07:27:27 DEBUG cache:45 - TemplateLoader.findTemplateSource("v3html/v3-html-index.ftl"): Found
2022-05-08 07:27:27 DEBUG cache:45 - Loading template for "v3html/v3-html-index.ftl"("en", UTF-8, parsed) from "jar:file:/C:/Users/LENOVO/.m2/repository/com/aventstack/extentreports/4.0.9/extentreports-4.0.9.jar!/com/aventstack/extentreports/view/v3html/v3-html-index.ftl"
2022-05-08 07:27:28 DEBUG cache:45 - Couldn't find template in cache for "v3html/v3-html-head.ftl"("en", UTF-8, parsed); will try to load it.
2022-05-08 07:27:28 DEBUG cache:45 - TemplateLoader.findTemplateSource("v3html/v3-html-head_en.ftl"): Not found
2022-05-08 07:27:28 DEBUG cache:45 - TemplateLoader.findTemplateSource("v3html/v3-html-head.ftl"): Found
2022-05-08 07:27:28 DEBUG cache:45 - Loading template for "v3html/v3-html-head.ftl"("en", UTF-8, parsed) from "jar:file:/C:/Users/LENOVO/.m2/repository/com/aventstack/extentreports/4.0.9/extentreports-4.0.9.jar!/com/aventstack/extentreports/view/v3html/v3-html-head.ftl"
2022-05-08 07:27:28 DEBUG cache:45 - Couldn't find template in cache for "v3html/v3-html-nav.ftl"("en", UTF-8, parsed); will try to load it.
2022-05-08 07:27:28 DEBUG cache:45 - TemplateLoader.findTemplateSource("v3html/v3-html-nav_en.ftl"): Not found
2022-05-08 07:27:28 DEBUG cache:45 - TemplateLoader.findTemplateSource("v3html/v3-html-nav.ftl"): Found
2022-05-08 07:27:28 DEBUG cache:45 - Loading template for "v3html/v3-html-nav.ftl"("en", UTF-8, parsed) from "jar:file:/C:/Users/LENOVO/.m2/repository/com/aventstack/extentreports/4.0.9/extentreports-4.0.9.jar!/com/aventstack/extentreports/view/v3html/v3-html-nav.ftl"
2022-05-08 07:27:28 DEBUG cache:45 - Couldn't find template in cache for "v3html/test-view/v3-html-test-view.ftl"("en", UTF-8, parsed); will try to load it.
2022-05-08 07:27:28 DEBUG cache:45 - TemplateLoader.findTemplateSource("v3html/test-view/v3-html-test-view_en.ftl"): Not found
2022-05-08 07:27:28 DEBUG cache:45 - TemplateLoader.findTemplateSource("v3html/test-view/v3-html-test-view.ftl"): Found
2022-05-08 07:27:28 DEBUG cache:45 - Loading template for "v3html/test-view/v3-html-test-view.ftl"("en", UTF-8, parsed) from "jar:file:/C:/Users/LENOVO/.m2/repository/com/aventstack/extentreports/4.0.9/extentreports-4.0.9.jar!/com/aventstack/extentreports/view/v3html/test-view/v3-html-test-view.ftl"
2022-05-08 07:27:28 DEBUG cache:45 - Couldn't find template in cache for "v3html/test-view/v3-html-test-view-charts.ftl"("en", UTF-8, parsed); will try to load it.
2022-05-08 07:27:28 DEBUG cache:45 - TemplateLoader.findTemplateSource("v3html/test-view/v3-html-test-view-charts_en.ftl"): Not found
2022-05-08 07:27:28 DEBUG cache:45 - TemplateLoader.findTemplateSource("v3html/test-view/v3-html-test-view-charts.ftl"): Found
2022-05-08 07:27:28 DEBUG cache:45 - Loading template for "v3html/test-view/v3-html-test-view-charts.ftl"("en", UTF-8, parsed) from "jar:file:/C:/Users/LENOVO/.m2/repository/com/aventstack/extentreports/4.0.9/extentreports-4.0.9.jar!/com/aventstack/extentreports/view/v3html/test-view/v3-html-test-view-charts.ftl"
2022-05-08 07:27:28 DEBUG cache:45 - Couldn't find template in cache for "v3html/test-view/v3-html-standard.ftl"("en", UTF-8, parsed); will try to load it.
2022-05-08 07:27:28 DEBUG cache:45 - TemplateLoader.findTemplateSource("v3html/test-view/v3-html-standard_en.ftl"): Not found
2022-05-08 07:27:28 DEBUG cache:45 - TemplateLoader.findTemplateSource("v3html/test-view/v3-html-standard.ftl"): Found
2022-05-08 07:27:28 DEBUG cache:45 - Loading template for "v3html/test-view/v3-html-standard.ftl"("en", UTF-8, parsed) from "jar:file:/C:/Users/LENOVO/.m2/repository/com/aventstack/extentreports/4.0.9/extentreports-4.0.9.jar!/com/aventstack/extentreports/view/v3html/test-view/v3-html-standard.ftl"
2022-05-08 07:27:28 DEBUG cache:45 - "v3html/test-view/v3-html-standard.ftl"("en", UTF-8, parsed) cached copy not yet stale; using cached.
2022-05-08 07:27:28 DEBUG cache:45 - "v3html/test-view/v3-html-standard.ftl"("en", UTF-8, parsed) cached copy not yet stale; using cached.
2022-05-08 07:27:28 DEBUG cache:45 - "v3html/test-view/v3-html-standard.ftl"("en", UTF-8, parsed) cached copy not yet stale; using cached.
2022-05-08 07:27:28 DEBUG cache:45 - "v3html/test-view/v3-html-standard.ftl"("en", UTF-8, parsed) cached copy not yet stale; using cached.
2022-05-08 07:27:28 DEBUG cache:45 - "v3html/test-view/v3-html-standard.ftl"("en", UTF-8, parsed) cached copy not yet stale; using cached.
2022-05-08 07:27:28 DEBUG cache:45 - Couldn't find template in cache for "v3html/category-view/v3-html-category-view.ftl"("en", UTF-8, parsed); will try to load it.
2022-05-08 07:27:28 DEBUG cache:45 - TemplateLoader.findTemplateSource("v3html/category-view/v3-html-category-view_en.ftl"): Not found
2022-05-08 07:27:28 DEBUG cache:45 - TemplateLoader.findTemplateSource("v3html/category-view/v3-html-category-view.ftl"): Found
2022-05-08 07:27:28 DEBUG cache:45 - Loading template for "v3html/category-view/v3-html-category-view.ftl"("en", UTF-8, parsed) from "jar:file:/C:/Users/LENOVO/.m2/repository/com/aventstack/extentreports/4.0.9/extentreports-4.0.9.jar!/com/aventstack/extentreports/view/v3html/category-view/v3-html-category-view.ftl"
2022-05-08 07:27:28 DEBUG cache:45 - Couldn't find template in cache for "v3html/exception-view/v3-html-exception-view.ftl"("en", UTF-8, parsed); will try to load it.
2022-05-08 07:27:28 DEBUG cache:45 - TemplateLoader.findTemplateSource("v3html/exception-view/v3-html-exception-view_en.ftl"): Not found
2022-05-08 07:27:28 DEBUG cache:45 - TemplateLoader.findTemplateSource("v3html/exception-view/v3-html-exception-view.ftl"): Found
2022-05-08 07:27:28 DEBUG cache:45 - Loading template for "v3html/exception-view/v3-html-exception-view.ftl"("en", UTF-8, parsed) from "jar:file:/C:/Users/LENOVO/.m2/repository/com/aventstack/extentreports/4.0.9/extentreports-4.0.9.jar!/com/aventstack/extentreports/view/v3html/exception-view/v3-html-exception-view.ftl"
2022-05-08 07:27:28 DEBUG cache:45 - Couldn't find template in cache for "v3html/author-view/v3-html-author-view.ftl"("en", UTF-8, parsed); will try to load it.
2022-05-08 07:27:28 DEBUG cache:45 - TemplateLoader.findTemplateSource("v3html/author-view/v3-html-author-view_en.ftl"): Not found
2022-05-08 07:27:28 DEBUG cache:45 - TemplateLoader.findTemplateSource("v3html/author-view/v3-html-author-view.ftl"): Found
2022-05-08 07:27:28 DEBUG cache:45 - Loading template for "v3html/author-view/v3-html-author-view.ftl"("en", UTF-8, parsed) from "jar:file:/C:/Users/LENOVO/.m2/repository/com/aventstack/extentreports/4.0.9/extentreports-4.0.9.jar!/com/aventstack/extentreports/view/v3html/author-view/v3-html-author-view.ftl"
2022-05-08 07:27:28 DEBUG cache:45 - Couldn't find template in cache for "v3html/dashboard-view/v3-html-dashboard-view.ftl"("en", UTF-8, parsed); will try to load it.
2022-05-08 07:27:28 DEBUG cache:45 - TemplateLoader.findTemplateSource("v3html/dashboard-view/v3-html-dashboard-view_en.ftl"): Not found
2022-05-08 07:27:28 DEBUG cache:45 - TemplateLoader.findTemplateSource("v3html/dashboard-view/v3-html-dashboard-view.ftl"): Found
2022-05-08 07:27:28 DEBUG cache:45 - Loading template for "v3html/dashboard-view/v3-html-dashboard-view.ftl"("en", UTF-8, parsed) from "jar:file:/C:/Users/LENOVO/.m2/repository/com/aventstack/extentreports/4.0.9/extentreports-4.0.9.jar!/com/aventstack/extentreports/view/v3html/dashboard-view/v3-html-dashboard-view.ftl"
2022-05-08 07:27:28 DEBUG cache:45 - Couldn't find template in cache for "v3html/logs-view/v3-html-testrunner-logs-view.ftl"("en", UTF-8, parsed); will try to load it.
2022-05-08 07:27:28 DEBUG cache:45 - TemplateLoader.findTemplateSource("v3html/logs-view/v3-html-testrunner-logs-view_en.ftl"): Not found
2022-05-08 07:27:28 DEBUG cache:45 - TemplateLoader.findTemplateSource("v3html/logs-view/v3-html-testrunner-logs-view.ftl"): Found
2022-05-08 07:27:28 DEBUG cache:45 - Loading template for "v3html/logs-view/v3-html-testrunner-logs-view.ftl"("en", UTF-8, parsed) from "jar:file:/C:/Users/LENOVO/.m2/repository/com/aventstack/extentreports/4.0.9/extentreports-4.0.9.jar!/com/aventstack/extentreports/view/v3html/logs-view/v3-html-testrunner-logs-view.ftl"
